Determining if the pthread_create exist failed with the following output:
Change Dir: /home/shin/catkin_ws/build/CMakeFiles/CMakeTmp

Run Build Command:"/usr/bin/make" "cmTC_95289/fast"
/usr/bin/make -f CMakeFiles/cmTC_95289.dir/build.make CMakeFiles/cmTC_95289.dir/build
make[1]: Entering directory '/home/shin/catkin_ws/build/CMakeFiles/CMakeTmp'
Building C object CMakeFiles/cmTC_95289.dir/CheckSymbolExists.c.o
/usr/bin/cc    -o CMakeFiles/cmTC_95289.dir/CheckSymbolExists.c.o   -c /home/shin/catkin_ws/build/CMakeFiles/CMakeTmp/CheckSymbolExists.c
Linking C executable cmTC_95289
/usr/bin/cmake -E cmake_link_script CMakeFiles/cmTC_95289.dir/link.txt --verbose=1
/usr/bin/cc      -rdynamic CMakeFiles/cmTC_95289.dir/CheckSymbolExists.c.o  -o cmTC_95289 
CMakeFiles/cmTC_95289.dir/CheckSymbolExists.c.o: In function `main':
CheckSymbolExists.c:(.text+0x1b): undefined reference to `pthread_create'
collect2: error: ld returned 1 exit status
CMakeFiles/cmTC_95289.dir/build.make:97: recipe for target 'cmTC_95289' failed
make[1]: *** [cmTC_95289] Error 1
make[1]: Leaving directory '/home/shin/catkin_ws/build/CMakeFiles/CMakeTmp'
Makefile:126: recipe for target 'cmTC_95289/fast' failed
make: *** [cmTC_95289/fast] Error 2

File /home/shin/catkin_ws/build/CMakeFiles/CMakeTmp/CheckSymbolExists.c:
/* */
#include <pthread.h>

int main(int argc, char** argv)
{
  (void)argv;
#ifndef pthread_create
  return ((int*)(&pthread_create))[argc];
#else
  (void)argc;
  return 0;
#endif
}

Determining if the function pthread_create exists in the pthreads failed with the following output:
Change Dir: /home/shin/catkin_ws/build/CMakeFiles/CMakeTmp

Run Build Command:"/usr/bin/make" "cmTC_99f54/fast"
/usr/bin/make -f CMakeFiles/cmTC_99f54.dir/build.make CMakeFiles/cmTC_99f54.dir/build
make[1]: Entering directory '/home/shin/catkin_ws/build/CMakeFiles/CMakeTmp'
Building C object CMakeFiles/cmTC_99f54.dir/CheckFunctionExists.c.o
/usr/bin/cc   -DCHECK_FUNCTION_EXISTS=pthread_create   -o CMakeFiles/cmTC_99f54.dir/CheckFunctionExists.c.o   -c /usr/share/cmake-3.10/Modules/CheckFunctionExists.c
Linking C executable cmTC_99f54
/usr/bin/cmake -E cmake_link_script CMakeFiles/cmTC_99f54.dir/link.txt --verbose=1
/usr/bin/cc  -DCHECK_FUNCTION_EXISTS=pthread_create    -rdynamic CMakeFiles/cmTC_99f54.dir/CheckFunctionExists.c.o  -o cmTC_99f54 -lpthreads 
/usr/bin/ld: cannot find -lpthreads
collect2: error: ld returned 1 exit status
CMakeFiles/cmTC_99f54.dir/build.make:97: recipe for target 'cmTC_99f54' failed
make[1]: *** [cmTC_99f54] Error 1
make[1]: Leaving directory '/home/shin/catkin_ws/build/CMakeFiles/CMakeTmp'
Makefile:126: recipe for target 'cmTC_99f54/fast' failed
make: *** [cmTC_99f54/fast] Error 2


